c:\users\vet_v\source\repos\my_nn\nn\nn\debug\vc142.pdb
c:\users\vet_v\source\repos\my_nn\nn\nn\debug\vc142.idb
c:\users\vet_v\source\repos\my_nn\nn\nn\debug\main.obj
c:\users\vet_v\source\repos\my_nn\nn\nn\debug\snake.obj
c:\users\vet_v\source\repos\my_nn\nn\nn\debug\game.obj
c:\users\vet_v\source\repos\my_nn\nn\nn\debug\evolution.obj
c:\users\vet_v\source\repos\my_nn\nn\nn\debug\randomizer.obj
c:\users\vet_v\source\repos\my_nn\nn\nn\debug\neuronallayer.obj
c:\users\vet_v\source\repos\my_nn\nn\nn\debug\neuralnetwork.obj
c:\users\vet_v\source\repos\my_nn\nn\nn\debug\genotype.obj
c:\users\vet_v\source\repos\my_nn\nn\nn\debug\geneticalgorithm.obj
c:\users\vet_v\source\repos\my_nn\nn\nn\debug\agent.obj
c:\users\vet_v\source\repos\my_nn\nn\debug\nn.exe
c:\users\vet_v\source\repos\my_nn\nn\debug\nn.ilk
c:\users\vet_v\source\repos\my_nn\nn\debug\nn.pdb
c:\users\vet_v\source\repos\my_nn\nn\nn\debug\evolution.obj.enc
c:\users\vet_v\source\repos\my_nn\nn\nn\debug\nn.tlog\cl.command.1.tlog
c:\users\vet_v\source\repos\my_nn\nn\nn\debug\nn.tlog\cl.read.1.tlog
c:\users\vet_v\source\repos\my_nn\nn\nn\debug\nn.tlog\cl.write.1.tlog
c:\users\vet_v\source\repos\my_nn\nn\nn\debug\nn.tlog\link.command.1.tlog
c:\users\vet_v\source\repos\my_nn\nn\nn\debug\nn.tlog\link.read.1.tlog
c:\users\vet_v\source\repos\my_nn\nn\nn\debug\nn.tlog\link.write.1.tlog
