<<<<<<< Updated upstream
﻿  Snake.cpp
C:\Users\vet_v\source\repos\my_NN\NN\NN\Snake.cpp(29,27): warning C4018: <: несоответствие типов со знаком и без знака
C:\Users\vet_v\source\repos\my_NN\NN\NN\Snake.cpp(147,28): warning C4018: <: несоответствие типов со знаком и без знака
=======
﻿  Evolution.cpp
C:\Users\vet_v\source\repos\my_NN\NN\NN\Evolution.cpp(97,31): warning C4018: <: несоответствие типов со знаком и без знака
C:\Users\vet_v\source\repos\my_NN\NN\NN\Evolution.cpp(107,31): warning C4018: <: несоответствие типов со знаком и без знака
C:\Users\vet_v\source\repos\my_NN\NN\NN\Evolution.cpp(171,78): warning C4244: аргумент: преобразование "float" в "_Ty", возможна потеря данных
          with
          [
              _Ty=long
          ]
  Game.cpp
  NeuralNetwork.cpp
C:\Users\vet_v\source\repos\my_NN\NN\NN\NeuralNetwork.cpp(17,27): warning C4018: <: несоответствие типов со знаком и без знака
C:\Users\vet_v\source\repos\my_NN\NN\NN\NeuralNetwork.cpp(40,27): warning C4018: <: несоответствие типов со знаком и без знака
C:\Users\vet_v\source\repos\my_NN\NN\NN\NeuralNetwork.cpp(71,27): warning C4018: <: несоответствие типов со знаком и без знака
C:\Users\vet_v\source\repos\my_NN\NN\NN\NeuralNetwork.cpp(125,27): warning C4018: <: несоответствие типов со знаком и без знака
  Snake.cpp
C:\Users\vet_v\source\repos\my_NN\NN\NN\Snake.cpp(28,27): warning C4018: <: несоответствие типов со знаком и без знака
C:\Users\vet_v\source\repos\my_NN\NN\NN\Snake.cpp(93,28): warning C4018: <: несоответствие типов со знаком и без знака
  main.cpp
  Создание кода...
  LINK : не найден или не выполнена сборка C:\Users\vet_v\source\repos\my_NN\NN\Debug\NN.exe при последней инкрементной компоновке; выполняется полная компоновка
<<<<<<< Updated upstream
>>>>>>> Stashed changes
=======
>>>>>>> Stashed changes
  NN.vcxproj -> C:\Users\vet_v\source\repos\my_NN\NN\Debug\NN.exe
